<?xml version="1.0" encoding="UTF-8"?>
<!-- Generated by org.testng.reporters.JUnitReportReporter -->
<testsuite hostname="Mds-MacBook-Pro.local" name="tests.TestSigninPage" tests="7" failures="0" timestamp="18 Apr 2017 00:32:41 GMT" time="38.836" errors="0">
  <testcase name="testWithValidEmailAndInvalidPassword" time="4.234" classname="tests.TestSigninPage"/>
  <testcase name="testWithValidEmailAndEmptyPassword" time="5.959" classname="tests.TestSigninPage"/>
  <testcase name="testWithInvalidEmailAndInvalidPassword" time="4.641" classname="tests.TestSigninPage"/>
  <testcase name="testWithValidCredintial" time="6.217" classname="tests.TestSigninPage"/>
  <testcase name="testWithInvalidEmailAndValidPassword" time="4.095" classname="tests.TestSigninPage"/>
  <testcase name="testWithEmptyEmailAndEmptyPassword" time="6.873" classname="tests.TestSigninPage"/>
  <testcase name="testWithEmptyEmailAndValidPassword" time="6.817" classname="tests.TestSigninPage"/>
</testsuite> <!-- tests.TestSigninPage -->
