<?xml version="1.0" encoding="UTF-8"?>
<!-- Generated by org.testng.reporters.JUnitReportReporter -->
<testsuite hostname="Mds-MacBook-Pro.local" name="tests.TestJobSearchPage" tests="2" failures="0" timestamp="18 Apr 2017 02:17:53 GMT" time="12.489" errors="0">
  <testcase name="testJobSearchWithoutSelectingJobCategory" time="4.163" classname="tests.TestJobSearchPage"/>
  <testcase name="testJobSearchWithRandomlySelectedJobCategory" time="8.326" classname="tests.TestJobSearchPage"/>
</testsuite> <!-- tests.TestJobSearchPage -->
